<?xml version="1.0" encoding="UTF-8"?>
<!-- Generated by org.testng.reporters.JUnitReportReporter -->
<testsuite hostname="Praveen_246" name="DriverFactory.DriverScriptKeyWord1" tests="1" failures="0" timestamp="15 Feb 2021 05:25:57 GMT" time="91.598" errors="0">
  <testcase name="startTest" time="91.598" classname="DriverFactory.DriverScriptKeyWord1"/>
</testsuite> <!-- DriverFactory.DriverScriptKeyWord1 -->
