<?xml version="1.0" encoding="UTF-8"?>
<!-- Generated by org.testng.reporters.JUnitReportReporter -->
<testsuite hostname="Praveen_246" name="DriverFactory.TestScript" tests="1" failures="0" timestamp="11 Feb 2021 04:16:09 GMT" time="29.440" errors="0">
  <testcase name="usercreation" time="29.440" classname="DriverFactory.TestScript"/>
</testsuite> <!-- DriverFactory.TestScript -->
