<?xml version="1.0" encoding="UTF-8"?>
<!-- Generated by org.testng.reporters.JUnitReportReporter -->
<testsuite hostname="Praveen_246" name="DriverFactory.DataDrivenFramework" tests="1" failures="0" timestamp="11 Feb 2021 05:13:37 GMT" time="89.083" errors="0">
  <testcase name="usercre" time="89.083" classname="DriverFactory.DataDrivenFramework"/>
</testsuite> <!-- DriverFactory.DataDrivenFramework -->
