<?xml version="1.0" encoding="UTF-8"?>
<!-- Generated by org.testng.reporters.JUnitReportReporter -->
<testsuite hostname="Praveen_246" name="DriverFactory.DriverScriptKeyword" tests="1" failures="0" timestamp="17 Feb 2021 04:10:35 GMT" time="51.970" errors="0">
  <testcase name="startTest" time="51.970" classname="DriverFactory.DriverScriptKeyword"/>
</testsuite> <!-- DriverFactory.DriverScriptKeyword -->
